<?xml version="1.0" encoding="UTF-8"?>
<testsuite xmlns:xsi="http://www.w3.org/2001/XMLSchema-instance" xsi:noNamespaceSchemaLocation="https://maven.apache.org/surefire/maven-surefire-plugin/xsd/surefire-test-report-3.0.xsd" version="3.0" name="fiap.hackaton.grupo32.hackatoncompany.HackatonGrupo32ApplicationTests" time="1.581" tests="1" errors="0" skipped="0" failures="0">
  <properties>
[...]
</properties>
  <testcase name="contextLoads" classname="fiap.hackaton.grupo32.hackatoncompany.HackatonGrupo32ApplicationTests" time="0.943">
    <system-out><![CDATA[09:49:02.833 [main] INFO org.springframework.test.context.support.AnnotationConfigContextLoaderUtils -- Could not detect default configuration classes for test class [fiap.hackaton.grupo32.hackatoncompany.HackatonGrupo32ApplicationTests]: HackatonGrupo32ApplicationTests does not declare any static, non-private, non-final, nested classes annotated with @Configuration.
09:49:02.864 [main] INFO org.springframework.boot.test.context.SpringBootTestContextBootstrapper -- Found @SpringBootConfiguration fiap.hackaton.grupo32.hackatoncompany.HackatonGrupo32Application for test class fiap.hackaton.grupo32.hackatoncompany.HackatonGrupo32ApplicationTests
09:49:02.921 [main] INFO org.springframework.boot.devtools.restart.RestartApplicationListener -- Restart disabled due to context in which it is running

  .   ____          _            __ _ _
 /\\ / ___'_ __ _ _(_)_ __  __ _ \ \ \ \
( ( )\___ | '_ | '_| | '_ \/ _` | \ \ \ \
 \\/  ___)| |_)| | | | | || (_| |  ) ) ) )
  '  |____| .__|_| |_|_| |_\__, | / / / /
 =========|_|==============|___/=/_/_/_/
 :: Spring Boot ::                (v3.2.3)

2024-03-20T09:49:02.993-04:00  INFO 17037 --- [hackaton-grupo32] [           main] f.h.g.h.HackatonGrupo32ApplicationTests  : Starting HackatonGrupo32ApplicationTests using Java 21.0.2 with PID 17037 (started by davidabreu in /Users/davidabreu/IdeaProjects/FIAP/hackaton-grupo32)
2024-03-20T09:49:02.993-04:00  INFO 17037 --- [hackaton-grupo32] [           main] f.h.g.h.HackatonGrupo32ApplicationTests  : No active profile set, falling back to 1 default profile: "default"
2024-03-20T09:49:03.401-04:00  INFO 17037 --- [hackaton-grupo32] [           main] f.h.g.h.HackatonGrupo32ApplicationTests  : Started HackatonGrupo32ApplicationTests in 0.483 seconds (process running for 0.842)
]]></system-out>
    <system-err><![CDATA[WARNING: A Java agent has been loaded dynamically (/Users/davidabreu/.m2/repository/net/bytebuddy/byte-buddy-agent/1.14.12/byte-buddy-agent-1.14.12.jar)
WARNING: If a serviceability tool is in use, please run with -XX:+EnableDynamicAgentLoading to hide this warning
WARNING: If a serviceability tool is not in use, please run with -Djdk.instrument.traceUsage for more information
WARNING: Dynamic loading of agents will be disallowed by default in a future release
]]></system-err>
  </testcase>
</testsuite>